Persistence mode was activated using the DATA_DIR variable. DATA_DIR is deprecated and its value is ignored. The data is instead stored into /var/lib/localstack/state in the LocalStack volume.
2022-09-02T19:50:52.633 DEBUG --- [  MainThread] stevedore.extension        : found extension EntryPoint(name='_patch_botocore_json_parser', value='localstack.aws.client:_patch_botocore_json_parser', group='localstack.hooks.on_infra_start')
2022-09-02T19:50:52.635 DEBUG --- [  MainThread] stevedore.extension        : found extension EntryPoint(name='_run_init_scripts_on_start', value='localstack.runtime.init:_run_init_scripts_on_start', group='localstack.hooks.on_infra_start')
2022-09-02T19:50:52.636 DEBUG --- [  MainThread] stevedore.extension        : found extension EntryPoint(name='register_partition_adjusting_proxy_listener', value='localstack.plugins:register_partition_adjusting_proxy_listener', group='localstack.hooks.on_infra_start')
2022-09-02T19:50:52.636 DEBUG --- [  MainThread] stevedore.extension        : found extension EntryPoint(name='add_aws_request_logger', value='localstack_ext.analytics.plugins:add_aws_request_logger', group='localstack.hooks.on_infra_start')
2022-09-02T19:50:52.636 DEBUG --- [  MainThread] stevedore.extension        : found extension EntryPoint(name='add_custom_edge_routes', value='localstack_ext.plugins:add_custom_edge_routes', group='localstack.hooks.on_infra_start')
2022-09-02T19:50:52.638 DEBUG --- [  MainThread] stevedore.extension        : found extension EntryPoint(name='add_iam_enforcement_listener', value='localstack_ext.services.iam.plugins:add_iam_enforcement_listener', group='localstack.hooks.on_infra_start')
2022-09-02T19:50:52.638 DEBUG --- [  MainThread] stevedore.extension        : found extension EntryPoint(name='add_legacy_iam_enforcement_listener', value='localstack_ext.services.iam.plugins:add_legacy_iam_enforcement_listener', group='localstack.hooks.on_infra_start')
2022-09-02T19:50:52.638 DEBUG --- [  MainThread] stevedore.extension        : found extension EntryPoint(name='extensions_on_infra_start', value='localstack_ext.extensions.plugins:extensions_on_infra_start', group='localstack.hooks.on_infra_start')
2022-09-02T19:50:52.638 DEBUG --- [  MainThread] stevedore.extension        : found extension EntryPoint(name='init_stackinfo_handler', value='localstack_ext.services.internal.stackinfo.plugins:init_stackinfo_handler', group='localstack.hooks.on_infra_start')
2022-09-02T19:50:52.639 DEBUG --- [  MainThread] stevedore.extension        : found extension EntryPoint(name='patch_account_id_resolver', value='localstack_ext.plugins:patch_account_id_resolver', group='localstack.hooks.on_infra_start')
2022-09-02T19:50:52.639 DEBUG --- [  MainThread] stevedore.extension        : found extension EntryPoint(name='patch_get_account_id_from_access_key_id', value='localstack_ext.plugins:patch_get_account_id_from_access_key_id', group='localstack.hooks.on_infra_start')
2022-09-02T19:50:52.639 DEBUG --- [  MainThread] stevedore.extension        : found extension EntryPoint(name='register_pods_api', value='localstack_ext.persistence.plugins:register_pods_api', group='localstack.hooks.on_infra_start')
2022-09-02T19:50:52.639 DEBUG --- [  MainThread] stevedore.extension        : found extension EntryPoint(name='register_state_serializer_handlers', value='localstack_ext.persistence.plugins:register_state_serializer_handlers', group='localstack.hooks.on_infra_start')
2022-09-02T19:50:52.639 DEBUG --- [  MainThread] stevedore.extension        : found extension EntryPoint(name='setup_pro_infra', value='localstack_ext.plugins:setup_pro_infra', group='localstack.hooks.on_infra_start')
2022-09-02T19:50:52.639 DEBUG --- [  MainThread] plugin.manager             : instantiating plugin PluginSpec(localstack.hooks.on_infra_start._patch_botocore_json_parser = <function _patch_botocore_json_parser at 0xffff9fca2b00>)
2022-09-02T19:50:52.639 DEBUG --- [  MainThread] plugin.manager             : loading plugin localstack.hooks.on_infra_start:_patch_botocore_json_parser
2022-09-02T19:50:52.639 DEBUG --- [  MainThread] plugin.manager             : instantiating plugin PluginSpec(localstack.hooks.on_infra_start._run_init_scripts_on_start = <function _run_init_scripts_on_start at 0xffff9fca3910>)
2022-09-02T19:50:52.639 DEBUG --- [  MainThread] plugin.manager             : loading plugin localstack.hooks.on_infra_start:_run_init_scripts_on_start
2022-09-02T19:50:52.639 DEBUG --- [  MainThread] plugin.manager             : instantiating plugin PluginSpec(localstack.hooks.on_infra_start.register_partition_adjusting_proxy_listener = <function register_partition_adjusting_proxy_listener at 0xffff9fadc040>)
2022-09-02T19:50:52.639 DEBUG --- [  MainThread] plugin.manager             : plugin localstack.hooks.on_infra_start:register_partition_adjusting_proxy_listener is disabled
2022-09-02T19:50:52.639 DEBUG --- [  MainThread] plugin.manager             : instantiating plugin PluginSpec(localstack.hooks.on_infra_start.add_aws_request_logger = <function add_aws_request_logger at 0xffff9fadc3a0>)
2022-09-02T19:50:52.640 DEBUG --- [  MainThread] plugin.manager             : plugin localstack.hooks.on_infra_start:add_aws_request_logger is disabled
2022-09-02T19:50:52.640 DEBUG --- [  MainThread] plugin.manager             : instantiating plugin PluginSpec(localstack.hooks.on_infra_start.add_custom_edge_routes = <function add_custom_edge_routes at 0xffff9fb00ca0>)
2022-09-02T19:50:52.640 DEBUG --- [  MainThread] plugin.manager             : plugin localstack.hooks.on_infra_start:add_custom_edge_routes is disabled
2022-09-02T19:50:52.640 DEBUG --- [  MainThread] plugin.manager             : instantiating plugin PluginSpec(localstack.hooks.on_infra_start.add_iam_enforcement_listener = <function add_iam_enforcement_listener at 0xffff9fb01d80>)
2022-09-02T19:50:52.640 DEBUG --- [  MainThread] plugin.manager             : plugin localstack.hooks.on_infra_start:add_iam_enforcement_listener is disabled
2022-09-02T19:50:52.640 DEBUG --- [  MainThread] plugin.manager             : instantiating plugin PluginSpec(localstack.hooks.on_infra_start.add_legacy_iam_enforcement_listener = <function add_legacy_iam_enforcement_listener at 0xffff9fb01bd0>)
2022-09-02T19:50:52.640 DEBUG --- [  MainThread] plugin.manager             : plugin localstack.hooks.on_infra_start:add_legacy_iam_enforcement_listener is disabled
2022-09-02T19:50:52.640 DEBUG --- [  MainThread] plugin.manager             : instantiating plugin PluginSpec(localstack.hooks.on_infra_start.extensions_on_infra_start = <function extensions_on_infra_start at 0xffff9fb020e0>)
2022-09-02T19:50:52.640 DEBUG --- [  MainThread] plugin.manager             : plugin localstack.hooks.on_infra_start:extensions_on_infra_start is disabled
2022-09-02T19:50:52.640 DEBUG --- [  MainThread] plugin.manager             : instantiating plugin PluginSpec(localstack.hooks.on_infra_start.init_stackinfo_handler = <function init_stackinfo_handler at 0xffff9fb025f0>)
2022-09-02T19:50:52.640 DEBUG --- [  MainThread] plugin.manager             : plugin localstack.hooks.on_infra_start:init_stackinfo_handler is disabled
2022-09-02T19:50:52.640 DEBUG --- [  MainThread] plugin.manager             : instantiating plugin PluginSpec(localstack.hooks.on_infra_start.patch_account_id_resolver = <function patch_account_id_resolver at 0xffff9fb00dc0>)
2022-09-02T19:50:52.640 DEBUG --- [  MainThread] plugin.manager             : plugin localstack.hooks.on_infra_start:patch_account_id_resolver is disabled
2022-09-02T19:50:52.640 DEBUG --- [  MainThread] plugin.manager             : instantiating plugin PluginSpec(localstack.hooks.on_infra_start.patch_get_account_id_from_access_key_id = <function patch_get_account_id_from_access_key_id at 0xffff9fb00ee0>)
2022-09-02T19:50:52.640 DEBUG --- [  MainThread] plugin.manager             : plugin localstack.hooks.on_infra_start:patch_get_account_id_from_access_key_id is disabled
2022-09-02T19:50:52.640 DEBUG --- [  MainThread] plugin.manager             : instantiating plugin PluginSpec(localstack.hooks.on_infra_start.register_pods_api = <function register_pods_api at 0xffff9fb02950>)
2022-09-02T19:50:52.640 DEBUG --- [  MainThread] plugin.manager             : plugin localstack.hooks.on_infra_start:register_pods_api is disabled
2022-09-02T19:50:52.640 DEBUG --- [  MainThread] plugin.manager             : instantiating plugin PluginSpec(localstack.hooks.on_infra_start.register_state_serializer_handlers = <function register_state_serializer_handlers at 0xffff9fb02a70>)
2022-09-02T19:50:52.640 DEBUG --- [  MainThread] plugin.manager             : plugin localstack.hooks.on_infra_start:register_state_serializer_handlers is disabled
2022-09-02T19:50:52.640 DEBUG --- [  MainThread] plugin.manager             : instantiating plugin PluginSpec(localstack.hooks.on_infra_start.setup_pro_infra = <function setup_pro_infra at 0xffff9fb01480>)
2022-09-02T19:50:52.640 DEBUG --- [  MainThread] plugin.manager             : plugin localstack.hooks.on_infra_start:setup_pro_infra is disabled
2022-09-02T19:50:52.640 DEBUG --- [  MainThread] localstack.runtime.init    : Init scripts discovered: {BOOT: [], START: [], READY: [], SHUTDOWN: []}
2022-09-02T19:50:52.663 DEBUG --- [d-3 (worker)] l.services.install         : getting kinesis-mock for linux aarch64
2022-09-02T19:50:52.663 DEBUG --- [d-3 (worker)] l.services.install         : kinesis-mock found at /usr/lib/localstack/kinesis-mock/kinesis-mock.jar
2022-09-02T19:50:52.666 DEBUG --- [d-2 (worker)] localstack.utils.run       : Executing command: ['zip', '-u', 'DynamoDBLocal.jar', 'log4j2.xml']
2022-09-02T19:50:52.666 DEBUG --- [d-3 (worker)] localstack.utils.run       : Executing command: ['unzip', '-o', '/usr/lib/localstack/stepfunctions/StepFunctionsLocal.jar', 'META-INF/MANIFEST.MF']
2022-09-02T19:50:52.669 DEBUG --- [d-3 (worker)] localstack.utils.run       : Executing command: ['unzip', '-o', '/usr/lib/localstack/stepfunctions/StepFunctionsLocal.jar', 'META-INF/MANIFEST.MF']
2022-09-02T19:50:52.704 DEBUG --- [d-2 (worker)] localstack.utils.run       : Executing command: ['unzip', '-o', '/usr/lib/localstack/dynamodb/DynamoDBLocal.jar', 'META-INF/MANIFEST.MF']
2022-09-02T19:50:52.744 DEBUG --- [  MainThread] l.a.p.service_router       : loading service catalog index cache file /var/lib/localstack/cache/service-catalog-1_1_0_dev-1_27_64.pickle
2022-09-02T19:50:52.773  WARN --- [  Thread-108] l.services.internal        : Enabling diagnose endpoint, please be aware that this can expose sensitive information via your network.
2022-09-02T19:50:52.775 DEBUG --- [  Thread-108] l.bootstrap.install        : Using cached SSL certificate (less than 6hrs since last update).
2022-09-02T19:50:52.789  WARN --- [  Thread-109] hypercorn.error            : ASGI Framework Lifespan error, continuing without Lifespan support
2022-09-02T19:50:52.789  WARN --- [  Thread-109] hypercorn.error            : ASGI Framework Lifespan error, continuing without Lifespan support
2022-09-02T19:50:52.793  INFO --- [  Thread-109] hypercorn.error            : Running on https://0.0.0.0:4566 (CTRL + C to quit)
2022-09-02T19:50:52.793  INFO --- [  Thread-109] hypercorn.error            : Running on https://0.0.0.0:4566 (CTRL + C to quit)
2022-09-02T19:50:53.067 DEBUG --- [  MainThread] stevedore.extension        : found extension EntryPoint(name='acm:default', value='localstack.services.providers:acm', group='localstack.aws.provider')
2022-09-02T19:50:53.076 DEBUG --- [  MainThread] stevedore.extension        : found extension EntryPoint(name='apigateway:default', value='localstack.services.providers:apigateway_asf', group='localstack.aws.provider')
2022-09-02T19:50:53.076 DEBUG --- [  MainThread] stevedore.extension        : found extension EntryPoint(name='apigateway:legacy', value='localstack.services.providers:apigateway_legacy', group='localstack.aws.provider')
2022-09-02T19:50:53.077 DEBUG --- [  MainThread] stevedore.extension        : found extension EntryPoint(name='cloudformation:default', value='localstack.services.providers:cloudformation', group='localstack.aws.provider')
2022-09-02T19:50:53.077 DEBUG --- [  MainThread] stevedore.extension        : found extension EntryPoint(name='cloudwatch:default', value='localstack.services.providers:cloudwatch', group='localstack.aws.provider')
2022-09-02T19:50:53.077 DEBUG --- [  MainThread] stevedore.extension        : found extension EntryPoint(name='config:default', value='localstack.services.providers:awsconfig', group='localstack.aws.provider')
2022-09-02T19:50:53.077 DEBUG --- [  MainThread] stevedore.extension        : found extension EntryPoint(name='dynamodb:default', value='localstack.services.providers:dynamodb', group='localstack.aws.provider')
2022-09-02T19:50:53.077 DEBUG --- [  MainThread] stevedore.extension        : found extension EntryPoint(name='dynamodbstreams:default', value='localstack.services.providers:dynamodbstreams', group='localstack.aws.provider')
2022-09-02T19:50:53.077 DEBUG --- [  MainThread] stevedore.extension        : found extension EntryPoint(name='ec2:default', value='localstack.services.providers:ec2', group='localstack.aws.provider')
2022-09-02T19:50:53.077 DEBUG --- [  MainThread] stevedore.extension        : found extension EntryPoint(name='es:default', value='localstack.services.providers:es', group='localstack.aws.provider')
2022-09-02T19:50:53.078 DEBUG --- [  MainThread] stevedore.extension        : found extension EntryPoint(name='events:default', value='localstack.services.providers:events', group='localstack.aws.provider')
2022-09-02T19:50:53.078 DEBUG --- [  MainThread] stevedore.extension        : found extension EntryPoint(name='firehose:default', value='localstack.services.providers:firehose', group='localstack.aws.provider')
2022-09-02T19:50:53.078 DEBUG --- [  MainThread] stevedore.extension        : found extension EntryPoint(name='iam:default', value='localstack.services.providers:iam', group='localstack.aws.provider')
2022-09-02T19:50:53.078 DEBUG --- [  MainThread] stevedore.extension        : found extension EntryPoint(name='kinesis:default', value='localstack.services.providers:kinesis', group='localstack.aws.provider')
2022-09-02T19:50:53.078 DEBUG --- [  MainThread] stevedore.extension        : found extension EntryPoint(name='kinesis:legacy', value='localstack.services.providers:kinesis_legacy', group='localstack.aws.provider')
2022-09-02T19:50:53.078 DEBUG --- [  MainThread] stevedore.extension        : found extension EntryPoint(name='kms:default', value='localstack.services.providers:kms', group='localstack.aws.provider')
2022-09-02T19:50:53.078 DEBUG --- [  MainThread] stevedore.extension        : found extension EntryPoint(name='lambda:asf', value='localstack.services.providers:awslambda_asf', group='localstack.aws.provider')
2022-09-02T19:50:53.078 DEBUG --- [  MainThread] stevedore.extension        : found extension EntryPoint(name='lambda:default', value='localstack.services.providers:awslambda', group='localstack.aws.provider')
2022-09-02T19:50:53.078 DEBUG --- [  MainThread] stevedore.extension        : found extension EntryPoint(name='logs:default', value='localstack.services.providers:logs', group='localstack.aws.provider')
2022-09-02T19:50:53.078 DEBUG --- [  MainThread] stevedore.extension        : found extension EntryPoint(name='opensearch:default', value='localstack.services.providers:opensearch', group='localstack.aws.provider')
2022-09-02T19:50:53.078 DEBUG --- [  MainThread] stevedore.extension        : found extension EntryPoint(name='redshift:default', value='localstack.services.providers:redshift', group='localstack.aws.provider')
2022-09-02T19:50:53.079 DEBUG --- [  MainThread] stevedore.extension        : found extension EntryPoint(name='resource-groups:default', value='localstack.services.providers:resource_groups', group='localstack.aws.provider')
2022-09-02T19:50:53.079 DEBUG --- [  MainThread] stevedore.extension        : found extension EntryPoint(name='resourcegroupstaggingapi:default', value='localstack.services.providers:resourcegroupstaggingapi', group='localstack.aws.provider')
2022-09-02T19:50:53.079 DEBUG --- [  MainThread] stevedore.extension        : found extension EntryPoint(name='route53:default', value='localstack.services.providers:route53', group='localstack.aws.provider')
2022-09-02T19:50:53.079 DEBUG --- [  MainThread] stevedore.extension        : found extension EntryPoint(name='route53resolver:default', value='localstack.services.providers:route53resolver', group='localstack.aws.provider')
2022-09-02T19:50:53.079 DEBUG --- [  MainThread] stevedore.extension        : found extension EntryPoint(name='s3:default', value='localstack.services.providers:s3', group='localstack.aws.provider')
2022-09-02T19:50:53.079 DEBUG --- [  MainThread] stevedore.extension        : found extension EntryPoint(name='s3control:default', value='localstack.services.providers:s3control', group='localstack.aws.provider')
2022-09-02T19:50:53.079 DEBUG --- [  MainThread] stevedore.extension        : found extension EntryPoint(name='secretsmanager:default', value='localstack.services.providers:secretsmanager', group='localstack.aws.provider')
2022-09-02T19:50:53.079 DEBUG --- [  MainThread] stevedore.extension        : found extension EntryPoint(name='ses:default', value='localstack.services.providers:ses', group='localstack.aws.provider')
2022-09-02T19:50:53.080 DEBUG --- [  MainThread] stevedore.extension        : found extension EntryPoint(name='sns:default', value='localstack.services.providers:sns', group='localstack.aws.provider')
2022-09-02T19:50:53.080 DEBUG --- [  MainThread] stevedore.extension        : found extension EntryPoint(name='sqs:default', value='localstack.services.providers:sqs', group='localstack.aws.provider')
2022-09-02T19:50:53.080 DEBUG --- [  MainThread] stevedore.extension        : found extension EntryPoint(name='sqs:legacy', value='localstack.services.providers:sqs_legacy', group='localstack.aws.provider')
2022-09-02T19:50:53.080 DEBUG --- [  MainThread] stevedore.extension        : found extension EntryPoint(name='ssm:default', value='localstack.services.providers:ssm', group='localstack.aws.provider')
2022-09-02T19:50:53.080 DEBUG --- [  MainThread] stevedore.extension        : found extension EntryPoint(name='stepfunctions:default', value='localstack.services.providers:stepfunctions', group='localstack.aws.provider')
2022-09-02T19:50:53.080 DEBUG --- [  MainThread] stevedore.extension        : found extension EntryPoint(name='sts:default', value='localstack.services.providers:sts', group='localstack.aws.provider')
2022-09-02T19:50:53.080 DEBUG --- [  MainThread] stevedore.extension        : found extension EntryPoint(name='support:default', value='localstack.services.providers:support', group='localstack.aws.provider')
2022-09-02T19:50:53.081 DEBUG --- [  MainThread] stevedore.extension        : found extension EntryPoint(name='swf:default', value='localstack.services.providers:swf', group='localstack.aws.provider')
2022-09-02T19:50:53.081 DEBUG --- [  MainThread] stevedore.extension        : found extension EntryPoint(name='transcribe:default', value='localstack.services.providers:transcribe', group='localstack.aws.provider')
2022-09-02T19:50:53.081 DEBUG --- [  MainThread] stevedore.extension        : found extension EntryPoint(name='amplify:pro', value='localstack_ext.providers:amplify', group='localstack.aws.provider')
2022-09-02T19:50:53.084 DEBUG --- [  MainThread] stevedore.extension        : found extension EntryPoint(name='apigateway:legacy_pro', value='localstack_ext.providers:apigateway_legacy', group='localstack.aws.provider')
2022-09-02T19:50:53.084 DEBUG --- [  MainThread] stevedore.extension        : found extension EntryPoint(name='apigateway:pro', value='localstack_ext.providers:apigateway', group='localstack.aws.provider')
2022-09-02T19:50:53.085 DEBUG --- [  MainThread] stevedore.extension        : found extension EntryPoint(name='apigatewaymanagementapi:pro', value='localstack_ext.providers:apigatewaymanagementapi', group='localstack.aws.provider')
2022-09-02T19:50:53.086 DEBUG --- [  MainThread] stevedore.extension        : found extension EntryPoint(name='apigatewayv2:legacy_pro', value='localstack_ext.providers:apigatewayv2_legacy', group='localstack.aws.provider')
2022-09-02T19:50:53.086 DEBUG --- [  MainThread] stevedore.extension        : found extension EntryPoint(name='apigatewayv2:pro', value='localstack_ext.providers:apigatewayv2', group='localstack.aws.provider')
2022-09-02T19:50:53.087 DEBUG --- [  MainThread] stevedore.extension        : found extension EntryPoint(name='appconfig:pro', value='localstack_ext.providers:appconfig', group='localstack.aws.provider')
2022-09-02T19:50:53.088 DEBUG --- [  MainThread] stevedore.extension        : found extension EntryPoint(name='application-autoscaling:pro', value='localstack_ext.providers:application_autoscaling', group='localstack.aws.provider')
2022-09-02T19:50:53.088 DEBUG --- [  MainThread] stevedore.extension        : found extension EntryPoint(name='appsync:pro', value='localstack_ext.providers:appsync', group='localstack.aws.provider')
2022-09-02T19:50:53.088 DEBUG --- [  MainThread] stevedore.extension        : found extension EntryPoint(name='athena:pro', value='localstack_ext.providers:athena', group='localstack.aws.provider')
2022-09-02T19:50:53.088 DEBUG --- [  MainThread] stevedore.extension        : found extension EntryPoint(name='autoscaling:pro', value='localstack_ext.providers:autoscaling', group='localstack.aws.provider')
2022-09-02T19:50:53.088 DEBUG --- [  MainThread] stevedore.extension        : found extension EntryPoint(name='azure:pro', value='localstack_ext.providers:azure', group='localstack.aws.provider')
2022-09-02T19:50:53.088 DEBUG --- [  MainThread] stevedore.extension        : found extension EntryPoint(name='backup:pro', value='localstack_ext.providers:backup', group='localstack.aws.provider')
2022-09-02T19:50:53.089 DEBUG --- [  MainThread] stevedore.extension        : found extension EntryPoint(name='batch:pro', value='localstack_ext.providers:batch', group='localstack.aws.provider')
2022-09-02T19:50:53.092 DEBUG --- [  MainThread] stevedore.extension        : found extension EntryPoint(name='ce:pro', value='localstack_ext.providers:ce', group='localstack.aws.provider')
2022-09-02T19:50:53.092 DEBUG --- [  MainThread] stevedore.extension        : found extension EntryPoint(name='cloudformation:pro', value='localstack_ext.providers:cloudformation', group='localstack.aws.provider')
2022-09-02T19:50:53.092 DEBUG --- [  MainThread] stevedore.extension        : found extension EntryPoint(name='cloudfront:pro', value='localstack_ext.providers:cloudfront', group='localstack.aws.provider')
2022-09-02T19:50:53.093 DEBUG --- [  MainThread] stevedore.extension        : found extension EntryPoint(name='cloudtrail:pro', value='localstack_ext.providers:cloudtrail', group='localstack.aws.provider')
2022-09-02T19:50:53.094 DEBUG --- [  MainThread] stevedore.extension        : found extension EntryPoint(name='cloudwatch:pro', value='localstack_ext.providers:cloudwatch', group='localstack.aws.provider')
2022-09-02T19:50:53.094 DEBUG --- [  MainThread] stevedore.extension        : found extension EntryPoint(name='codecommit:pro', value='localstack_ext.providers:codecommit', group='localstack.aws.provider')
2022-09-02T19:50:53.094 DEBUG --- [  MainThread] stevedore.extension        : found extension EntryPoint(name='cognito-identity:pro', value='localstack_ext.providers:cognito_identity', group='localstack.aws.provider')
2022-09-02T19:50:53.097 DEBUG --- [  MainThread] stevedore.extension        : found extension EntryPoint(name='cognito-idp:pro', value='localstack_ext.providers:cognito_idp', group='localstack.aws.provider')
2022-09-02T19:50:53.097 DEBUG --- [  MainThread] stevedore.extension        : found extension EntryPoint(name='docdb:pro', value='localstack_ext.providers:docdb', group='localstack.aws.provider')
2022-09-02T19:50:53.097 DEBUG --- [  MainThread] stevedore.extension        : found extension EntryPoint(name='dynamodb:pro', value='localstack_ext.providers:dynamodb', group='localstack.aws.provider')
2022-09-02T19:50:53.097 DEBUG --- [  MainThread] stevedore.extension        : found extension EntryPoint(name='dynamodbstreams:pro', value='localstack_ext.providers:dynamodbstreams', group='localstack.aws.provider')
2022-09-02T19:50:53.098 DEBUG --- [  MainThread] stevedore.extension        : found extension EntryPoint(name='ec2:pro', value='localstack_ext.providers:ec2', group='localstack.aws.provider')
2022-09-02T19:50:53.099 DEBUG --- [  MainThread] stevedore.extension        : found extension EntryPoint(name='ecr:pro', value='localstack_ext.providers:ecr', group='localstack.aws.provider')
2022-09-02T19:50:53.100 DEBUG --- [  MainThread] stevedore.extension        : found extension EntryPoint(name='ecs:pro', value='localstack_ext.providers:ecs', group='localstack.aws.provider')
2022-09-02T19:50:53.101 DEBUG --- [  MainThread] stevedore.extension        : found extension EntryPoint(name='efs:pro', value='localstack_ext.providers:efs', group='localstack.aws.provider')
2022-09-02T19:50:53.101 DEBUG --- [  MainThread] stevedore.extension        : found extension EntryPoint(name='eks:mock', value='localstack_ext.providers:eks_mock', group='localstack.aws.provider')
2022-09-02T19:50:53.102 DEBUG --- [  MainThread] stevedore.extension        : found extension EntryPoint(name='eks:pro', value='localstack_ext.providers:eks', group='localstack.aws.provider')
2022-09-02T19:50:53.102 DEBUG --- [  MainThread] stevedore.extension        : found extension EntryPoint(name='elasticache:pro', value='localstack_ext.providers:elasticache', group='localstack.aws.provider')
2022-09-02T19:50:53.102 DEBUG --- [  MainThread] stevedore.extension        : found extension EntryPoint(name='elasticbeanstalk:pro', value='localstack_ext.providers:elasticbeanstalk', group='localstack.aws.provider')
2022-09-02T19:50:53.102 DEBUG --- [  MainThread] stevedore.extension        : found extension EntryPoint(name='elb:pro', value='localstack_ext.providers:elb', group='localstack.aws.provider')
2022-09-02T19:50:53.102 DEBUG --- [  MainThread] stevedore.extension        : found extension EntryPoint(name='elbv2:pro', value='localstack_ext.providers:elbv2', group='localstack.aws.provider')
2022-09-02T19:50:53.103 DEBUG --- [  MainThread] stevedore.extension        : found extension EntryPoint(name='emr:pro', value='localstack_ext.providers:emr', group='localstack.aws.provider')
2022-09-02T19:50:53.103 DEBUG --- [  MainThread] stevedore.extension        : found extension EntryPoint(name='events:pro', value='localstack_ext.providers:events', group='localstack.aws.provider')
2022-09-02T19:50:53.103 DEBUG --- [  MainThread] stevedore.extension        : found extension EntryPoint(name='fis:pro', value='localstack_ext.providers:fis', group='localstack.aws.provider')
2022-09-02T19:50:53.103 DEBUG --- [  MainThread] stevedore.extension        : found extension EntryPoint(name='glacier:pro', value='localstack_ext.providers:glacier', group='localstack.aws.provider')
2022-09-02T19:50:53.104 DEBUG --- [  MainThread] stevedore.extension        : found extension EntryPoint(name='glue:pro', value='localstack_ext.providers:glue', group='localstack.aws.provider')
2022-09-02T19:50:53.104 DEBUG --- [  MainThread] stevedore.extension        : found extension EntryPoint(name='iam:pro', value='localstack_ext.providers:iam', group='localstack.aws.provider')
2022-09-02T19:50:53.104 DEBUG --- [  MainThread] stevedore.extension        : found extension EntryPoint(name='iot-data:pro', value='localstack_ext.providers:iot_data', group='localstack.aws.provider')
2022-09-02T19:50:53.104 DEBUG --- [  MainThread] stevedore.extension        : found extension EntryPoint(name='iot:pro', value='localstack_ext.providers:iot', group='localstack.aws.provider')
2022-09-02T19:50:53.105 DEBUG --- [  MainThread] stevedore.extension        : found extension EntryPoint(name='iotanalytics:pro', value='localstack_ext.providers:iotanalytics', group='localstack.aws.provider')
2022-09-02T19:50:53.105 DEBUG --- [  MainThread] stevedore.extension        : found extension EntryPoint(name='iotwireless:pro', value='localstack_ext.providers:iotwireless', group='localstack.aws.provider')
2022-09-02T19:50:53.105 DEBUG --- [  MainThread] stevedore.extension        : found extension EntryPoint(name='kafka:pro', value='localstack_ext.providers:kafka', group='localstack.aws.provider')
2022-09-02T19:50:53.105 DEBUG --- [  MainThread] stevedore.extension        : found extension EntryPoint(name='kinesis:legacy_pro', value='localstack_ext.providers:kinesis_legacy', group='localstack.aws.provider')
2022-09-02T19:50:53.105 DEBUG --- [  MainThread] stevedore.extension        : found extension EntryPoint(name='kinesis:pro', value='localstack_ext.providers:kinesis', group='localstack.aws.provider')
2022-09-02T19:50:53.106 DEBUG --- [  MainThread] stevedore.extension        : found extension EntryPoint(name='kinesisanalytics:pro', value='localstack_ext.providers:kinesisanalytics', group='localstack.aws.provider')
2022-09-02T19:50:53.106 DEBUG --- [  MainThread] stevedore.extension        : found extension EntryPoint(name='kinesisanalyticsv2:pro', value='localstack_ext.providers:kinesisanalyticsv2', group='localstack.aws.provider')
2022-09-02T19:50:53.106 DEBUG --- [  MainThread] stevedore.extension        : found extension EntryPoint(name='kms:pro', value='localstack_ext.providers:kms', group='localstack.aws.provider')
2022-09-02T19:50:53.106 DEBUG --- [  MainThread] stevedore.extension        : found extension EntryPoint(name='lakeformation:pro', value='localstack_ext.providers:lakeformation', group='localstack.aws.provider')
2022-09-02T19:50:53.106 DEBUG --- [  MainThread] stevedore.extension        : found extension EntryPoint(name='lambda:pro', value='localstack_ext.providers:awslambda', group='localstack.aws.provider')
2022-09-02T19:50:53.106 DEBUG --- [  MainThread] stevedore.extension        : found extension EntryPoint(name='logs:pro', value='localstack_ext.providers:logs', group='localstack.aws.provider')
2022-09-02T19:50:53.106 DEBUG --- [  MainThread] stevedore.extension        : found extension EntryPoint(name='mediastore-data:pro', value='localstack_ext.providers:mediastore_data', group='localstack.aws.provider')
2022-09-02T19:50:53.106 DEBUG --- [  MainThread] stevedore.extension        : found extension EntryPoint(name='mediastore:pro', value='localstack_ext.providers:mediastore', group='localstack.aws.provider')
2022-09-02T19:50:53.106 DEBUG --- [  MainThread] stevedore.extension        : found extension EntryPoint(name='mwaa:pro', value='localstack_ext.providers:mwaa', group='localstack.aws.provider')
2022-09-02T19:50:53.106 DEBUG --- [  MainThread] stevedore.extension        : found extension EntryPoint(name='neptune:pro', value='localstack_ext.providers:neptune', group='localstack.aws.provider')
2022-09-02T19:50:53.106 DEBUG --- [  MainThread] stevedore.extension        : found extension EntryPoint(name='opensearch:pro', value='localstack_ext.providers:opensearch', group='localstack.aws.provider')
2022-09-02T19:50:53.106 DEBUG --- [  MainThread] stevedore.extension        : found extension EntryPoint(name='organizations:pro', value='localstack_ext.providers:organizations', group='localstack.aws.provider')
2022-09-02T19:50:53.107 DEBUG --- [  MainThread] stevedore.extension        : found extension EntryPoint(name='qldb-session:pro', value='localstack_ext.providers:qldb_session', group='localstack.aws.provider')
2022-09-02T19:50:53.107 DEBUG --- [  MainThread] stevedore.extension        : found extension EntryPoint(name='qldb:pro', value='localstack_ext.providers:qldb', group='localstack.aws.provider')
2022-09-02T19:50:53.107 DEBUG --- [  MainThread] stevedore.extension        : found extension EntryPoint(name='rds-data:pro', value='localstack_ext.providers:rds_data', group='localstack.aws.provider')
2022-09-02T19:50:53.108 DEBUG --- [  MainThread] stevedore.extension        : found extension EntryPoint(name='rds:pro', value='localstack_ext.providers:rds', group='localstack.aws.provider')
2022-09-02T19:50:53.108 DEBUG --- [  MainThread] stevedore.extension        : found extension EntryPoint(name='redshift-data:pro', value='localstack_ext.providers:redshift_data', group='localstack.aws.provider')
2022-09-02T19:50:53.108 DEBUG --- [  MainThread] stevedore.extension        : found extension EntryPoint(name='redshift:pro', value='localstack_ext.providers:redshift', group='localstack.aws.provider')
2022-09-02T19:50:53.108 DEBUG --- [  MainThread] stevedore.extension        : found extension EntryPoint(name='route53:pro', value='localstack_ext.providers:route53', group='localstack.aws.provider')
2022-09-02T19:50:53.108 DEBUG --- [  MainThread] stevedore.extension        : found extension EntryPoint(name='s3:pro', value='localstack_ext.providers:s3', group='localstack.aws.provider')
2022-09-02T19:50:53.108 DEBUG --- [  MainThread] stevedore.extension        : found extension EntryPoint(name='sagemaker:pro', value='localstack_ext.providers:sagemaker', group='localstack.aws.provider')
2022-09-02T19:50:53.108 DEBUG --- [  MainThread] stevedore.extension        : found extension EntryPoint(name='secretsmanager:pro', value='localstack_ext.providers:secretsmanager', group='localstack.aws.provider')
2022-09-02T19:50:53.108 DEBUG --- [  MainThread] stevedore.extension        : found extension EntryPoint(name='serverlessrepo:pro', value='localstack_ext.providers:serverlessrepo', group='localstack.aws.provider')
2022-09-02T19:50:53.108 DEBUG --- [  MainThread] stevedore.extension        : found extension EntryPoint(name='servicediscovery:pro', value='localstack_ext.providers:servicediscovery', group='localstack.aws.provider')
2022-09-02T19:50:53.108 DEBUG --- [  MainThread] stevedore.extension        : found extension EntryPoint(name='ses:pro', value='localstack_ext.providers:ses', group='localstack.aws.provider')
2022-09-02T19:50:53.108 DEBUG --- [  MainThread] stevedore.extension        : found extension EntryPoint(name='sesv2:pro', value='localstack_ext.providers:sesv2', group='localstack.aws.provider')
2022-09-02T19:50:53.109 DEBUG --- [  MainThread] stevedore.extension        : found extension EntryPoint(name='sns:pro', value='localstack_ext.providers:sns', group='localstack.aws.provider')
2022-09-02T19:50:53.109 DEBUG --- [  MainThread] stevedore.extension        : found extension EntryPoint(name='sqs:legacy_pro', value='localstack_ext.providers:sqs_legacy', group='localstack.aws.provider')
2022-09-02T19:50:53.109 DEBUG --- [  MainThread] stevedore.extension        : found extension EntryPoint(name='sqs:pro', value='localstack_ext.providers:sqs', group='localstack.aws.provider')
2022-09-02T19:50:53.109 DEBUG --- [  MainThread] stevedore.extension        : found extension EntryPoint(name='ssm:pro', value='localstack_ext.providers:ssm', group='localstack.aws.provider')
2022-09-02T19:50:53.109 DEBUG --- [  MainThread] stevedore.extension        : found extension EntryPoint(name='stepfunctions:pro', value='localstack_ext.providers:stepfunctions', group='localstack.aws.provider')
2022-09-02T19:50:53.109 DEBUG --- [  MainThread] stevedore.extension        : found extension EntryPoint(name='sts:pro', value='localstack_ext.providers:sts', group='localstack.aws.provider')
2022-09-02T19:50:53.109 DEBUG --- [  MainThread] stevedore.extension        : found extension EntryPoint(name='timestream-query:pro', value='localstack_ext.providers:timestream_query', group='localstack.aws.provider')
2022-09-02T19:50:53.109 DEBUG --- [  MainThread] stevedore.extension        : found extension EntryPoint(name='timestream-write:pro', value='localstack_ext.providers:timestream_write', group='localstack.aws.provider')
2022-09-02T19:50:53.109 DEBUG --- [  MainThread] stevedore.extension        : found extension EntryPoint(name='transfer:pro', value='localstack_ext.providers:transfer', group='localstack.aws.provider')
2022-09-02T19:50:53.109 DEBUG --- [  MainThread] stevedore.extension        : found extension EntryPoint(name='xray:pro', value='localstack_ext.providers:xray', group='localstack.aws.provider')
2022-09-02T19:50:53.111 DEBUG --- [  MainThread] l.utils.persistence        : saving startup info StartupInfo(timestamp='2022-09-02T19:50:53.110827', localstack_version='1.1.0.dev', localstack_ext_version='1.1.0.dev20220901145455', pro_activated=False)
2022-09-02T19:50:53.131 DEBUG --- [  MainThread] stevedore.extension        : found extension EntryPoint(name='_run_init_scripts_on_ready', value='localstack.runtime.init:_run_init_scripts_on_ready', group='localstack.hooks.on_infra_ready')
2022-09-02T19:50:53.131 DEBUG --- [  MainThread] stevedore.extension        : found extension EntryPoint(name='extensions_on_infra_ready', value='localstack_ext.extensions.plugins:extensions_on_infra_ready', group='localstack.hooks.on_infra_ready')
2022-09-02T19:50:53.131 DEBUG --- [  MainThread] stevedore.extension        : found extension EntryPoint(name='initialize_health_info', value='localstack_ext.plugins:initialize_health_info', group='localstack.hooks.on_infra_ready')
2022-09-02T19:50:53.131 DEBUG --- [  MainThread] plugin.manager             : instantiating plugin PluginSpec(localstack.hooks.on_infra_ready._run_init_scripts_on_ready = <function _run_init_scripts_on_ready at 0xffff9fca3a30>)
2022-09-02T19:50:53.131 DEBUG --- [  MainThread] plugin.manager             : loading plugin localstack.hooks.on_infra_ready:_run_init_scripts_on_ready
2022-09-02T19:50:53.131 DEBUG --- [  MainThread] plugin.manager             : instantiating plugin PluginSpec(localstack.hooks.on_infra_ready.extensions_on_infra_ready = <function extensions_on_infra_ready at 0xffff9fb02200>)
2022-09-02T19:50:53.131 DEBUG --- [  MainThread] plugin.manager             : plugin localstack.hooks.on_infra_ready:extensions_on_infra_ready is disabled
2022-09-02T19:50:53.131 DEBUG --- [  MainThread] plugin.manager             : instantiating plugin PluginSpec(localstack.hooks.on_infra_ready.initialize_health_info = <function initialize_health_info at 0xffff9fb016c0>)
2022-09-02T19:50:53.131 DEBUG --- [  MainThread] plugin.manager             : plugin localstack.hooks.on_infra_ready:initialize_health_info is disabled
2022-09-06T14:58:49.909 DEBUG --- [  MainThread] localstack.services.infra  : [shutdown] signal received 15
2022-09-06T14:58:49.911 DEBUG --- [  MainThread] stevedore.extension        : found extension EntryPoint(name='_run_init_scripts_on_shutdown', value='localstack.runtime.init:_run_init_scripts_on_shutdown', group='localstack.hooks.on_infra_shutdown')
2022-09-06T14:58:49.917 DEBUG --- [  MainThread] plugin.manager             : instantiating plugin PluginSpec(localstack.hooks.on_infra_shutdown._run_init_scripts_on_shutdown = <function _run_init_scripts_on_shutdown at 0xffff9fca3b50>)
2022-09-06T14:58:49.917 DEBUG --- [  MainThread] plugin.manager             : loading plugin localstack.hooks.on_infra_shutdown:_run_init_scripts_on_shutdown
2022-09-06T14:58:49.919 DEBUG --- [  MainThread] localstack.services.infra  : [shutdown] Cleaning up services ...
2022-09-06T14:58:49.921 DEBUG --- [  MainThread] localstack.services.infra  : [shutdown] Cleaning up resources ...
2022-09-06T14:58:49.922 DEBUG --- [  MainThread] localstack.utils.threads   : [shutdown] Done cleaning up threads / processes / tasks
2022-09-06T14:58:49.927 DEBUG --- [  MainThread] localstack.utils.run       : Executing command: rm -rf "/var/lib/localstack/tmp"
2022-09-06T14:58:49.944 DEBUG --- [  MainThread] localstack.services.infra  : [shutdown] Force shutdown, not waiting for infrastructure to shut down
